<?xml version="1.0" encoding="UTF-8"?>
<testsuite xmlns:xsi="http://www.w3.org/2001/XMLSchema-instance" xsi:noNamespaceSchemaLocation="https://maven.apache.org/surefire/maven-surefire-plugin/xsd/surefire-test-report-3.0.xsd" version="3.0" name="com.reductio.ReductioBasicTest" time="0.178" tests="11" errors="0" skipped="0" failures="0">
  <properties>
    <property name="java.specification.version" value="21"/>
    <property name="sun.jnu.encoding" value="UTF-8"/>
    <property name="java.class.path" value="/home/abnerlourenco/Documents/running/reductio/target/test-classes:/home/abnerlourenco/Documents/running/reductio/target/classes:/home/abnerlourenco/.m2/repository/org/junit/jupiter/junit-jupiter-api/5.9.3/junit-jupiter-api-5.9.3.jar:/home/abnerlourenco/.m2/repository/org/opentest4j/opentest4j/1.2.0/opentest4j-1.2.0.jar:/home/abnerlourenco/.m2/repository/org/junit/platform/junit-platform-commons/1.9.3/junit-platform-commons-1.9.3.jar:/home/abnerlourenco/.m2/repository/org/apiguardian/apiguardian-api/1.1.2/apiguardian-api-1.1.2.jar:/home/abnerlourenco/.m2/repository/org/junit/jupiter/junit-jupiter-engine/5.9.3/junit-jupiter-engine-5.9.3.jar:/home/abnerlourenco/.m2/repository/org/junit/platform/junit-platform-engine/1.9.3/junit-platform-engine-1.9.3.jar:/home/abnerlourenco/.m2/repository/org/mockito/mockito-core/5.3.1/mockito-core-5.3.1.jar:/home/abnerlourenco/.m2/repository/net/bytebuddy/byte-buddy/1.14.4/byte-buddy-1.14.4.jar:/home/abnerlourenco/.m2/repository/net/bytebuddy/byte-buddy-agent/1.14.4/byte-buddy-agent-1.14.4.jar:/home/abnerlourenco/.m2/repository/org/objenesis/objenesis/3.3/objenesis-3.3.jar:/home/abnerlourenco/.m2/repository/org/assertj/assertj-core/3.24.2/assertj-core-3.24.2.jar:"/>
    <property name="java.vm.vendor" value="Red Hat, Inc."/>
    <property name="sun.arch.data.model" value="64"/>
    <property name="java.vendor.url" value="https://www.redhat.com/"/>
    <property name="os.name" value="Linux"/>
    <property name="java.vm.specification.version" value="21"/>
    <property name="sun.java.launcher" value="SUN_STANDARD"/>
    <property name="user.country" value="US"/>
    <property name="sun.boot.library.path" value="/usr/lib/jvm/java-21-openjdk/lib"/>
    <property name="sun.java.command" value="/home/abnerlourenco/Documents/running/reductio/target/surefire/surefirebooter-20250913033109921_3.jar /home/abnerlourenco/Documents/running/reductio/target/surefire 2025-09-13T03-31-09_731-jvmRun1 surefire-20250913033109921_1tmp surefire_0-20250913033109921_2tmp"/>
    <property name="jdk.debug" value="release"/>
    <property name="surefire.test.class.path" value="/home/abnerlourenco/Documents/running/reductio/target/test-classes:/home/abnerlourenco/Documents/running/reductio/target/classes:/home/abnerlourenco/.m2/repository/org/junit/jupiter/junit-jupiter-api/5.9.3/junit-jupiter-api-5.9.3.jar:/home/abnerlourenco/.m2/repository/org/opentest4j/opentest4j/1.2.0/opentest4j-1.2.0.jar:/home/abnerlourenco/.m2/repository/org/junit/platform/junit-platform-commons/1.9.3/junit-platform-commons-1.9.3.jar:/home/abnerlourenco/.m2/repository/org/apiguardian/apiguardian-api/1.1.2/apiguardian-api-1.1.2.jar:/home/abnerlourenco/.m2/repository/org/junit/jupiter/junit-jupiter-engine/5.9.3/junit-jupiter-engine-5.9.3.jar:/home/abnerlourenco/.m2/repository/org/junit/platform/junit-platform-engine/1.9.3/junit-platform-engine-1.9.3.jar:/home/abnerlourenco/.m2/repository/org/mockito/mockito-core/5.3.1/mockito-core-5.3.1.jar:/home/abnerlourenco/.m2/repository/net/bytebuddy/byte-buddy/1.14.4/byte-buddy-1.14.4.jar:/home/abnerlourenco/.m2/repository/net/bytebuddy/byte-buddy-agent/1.14.4/byte-buddy-agent-1.14.4.jar:/home/abnerlourenco/.m2/repository/org/objenesis/objenesis/3.3/objenesis-3.3.jar:/home/abnerlourenco/.m2/repository/org/assertj/assertj-core/3.24.2/assertj-core-3.24.2.jar:"/>
    <property name="sun.cpu.endian" value="little"/>
    <property name="user.home" value="/home/abnerlourenco"/>
    <property name="user.language" value="en"/>
    <property name="java.specification.vendor" value="Oracle Corporation"/>
    <property name="java.version.date" value="2025-07-15"/>
    <property name="java.home" value="/usr/lib/jvm/java-21-openjdk"/>
    <property name="file.separator" value="/"/>
    <property name="basedir" value="/home/abnerlourenco/Documents/running/reductio"/>
    <property name="java.vm.compressedOopsMode" value="32-bit"/>
    <property name="line.separator" value="&#10;"/>
    <property name="java.specification.name" value="Java Platform API Specification"/>
    <property name="java.vm.specification.vendor" value="Oracle Corporation"/>
    <property name="surefire.real.class.path" value="/home/abnerlourenco/Documents/running/reductio/target/surefire/surefirebooter-20250913033109921_3.jar"/>
    <property name="sun.management.compiler" value="HotSpot 64-Bit Tiered Compilers"/>
    <property name="java.runtime.version" value="21.0.8+9"/>
    <property name="user.name" value="abnerlourenco"/>
    <property name="stdout.encoding" value="UTF-8"/>
    <property name="path.separator" value=":"/>
    <property name="os.version" value="6.16.3-200.fc42.x86_64"/>
    <property name="java.runtime.name" value="OpenJDK Runtime Environment"/>
    <property name="file.encoding" value="UTF-8"/>
    <property name="java.vm.name" value="OpenJDK 64-Bit Server VM"/>
    <property name="java.vendor.version" value="(Red_Hat-21.0.8.0.9-1)"/>
    <property name="localRepository" value="/home/abnerlourenco/.m2/repository"/>
    <property name="java.vendor.url.bug" value="https://bugzilla.redhat.com/enter_bug.cgi?product=Fedora&amp;component=java-21-openjdk&amp;version=41"/>
    <property name="java.io.tmpdir" value="/tmp"/>
    <property name="java.version" value="21.0.8"/>
    <property name="user.dir" value="/home/abnerlourenco/Documents/running/reductio"/>
    <property name="os.arch" value="amd64"/>
    <property name="java.vm.specification.name" value="Java Virtual Machine Specification"/>
    <property name="native.encoding" value="UTF-8"/>
    <property name="java.library.path" value=":/usr/java/packages/lib:/usr/lib64:/lib64:/lib:/usr/lib"/>
    <property name="java.vm.info" value="mixed mode, sharing"/>
    <property name="stderr.encoding" value="UTF-8"/>
    <property name="java.vendor" value="Red Hat, Inc."/>
    <property name="java.vm.version" value="21.0.8+9"/>
    <property name="sun.io.unicode.encoding" value="UnicodeLittle"/>
    <property name="java.class.version" value="65.0"/>
  </properties>
  <testcase name="testLogarithmicFunction" classname="com.reductio.ReductioBasicTest" time="0.062"/>
  <testcase name="testFunctionStringRepresentation" classname="com.reductio.ReductioBasicTest" time="0.015"/>
  <testcase name="testBasicExpressionCreation" classname="com.reductio.ReductioBasicTest" time="0.014"/>
  <testcase name="testFunctionExpressionCreation" classname="com.reductio.ReductioBasicTest" time="0.005"/>
  <testcase name="testExpressionEvaluation" classname="com.reductio.ReductioBasicTest" time="0.002"/>
  <testcase name="testExpressionCopying" classname="com.reductio.ReductioBasicTest" time="0.002"/>
  <testcase name="testTrigonometricFunction" classname="com.reductio.ReductioBasicTest" time="0.006"/>
  <testcase name="testExponentialFunction" classname="com.reductio.ReductioBasicTest" time="0.002"/>
  <testcase name="testErrorHandling" classname="com.reductio.ReductioBasicTest" time="0.004"/>
  <testcase name="testExpressionSimplification" classname="com.reductio.ReductioBasicTest" time="0.002"/>
  <testcase name="testPolynomialFunction" classname="com.reductio.ReductioBasicTest" time="0.005"/>
</testsuite>